<?xml version="1.0" encoding="UTF-8"?>
<testng-results ignored="0" total="1" passed="1" failed="0" skipped="0">
  <reporter-output>
  </reporter-output>
  <suite started-at="2019-11-29T16:35:23 IST" name="Command line suite" finished-at="2019-11-29T16:35:23 IST" duration-ms="16">
    <groups>
    </groups>
    <test started-at="2019-11-29T16:35:23 IST" name="Command line test" finished-at="2019-11-29T16:35:23 IST" duration-ms="16">
      <class name="com.training.practice.AppTest">
        <test-method signature="testApp()[pri:0, instance:testApp(com.training.practice.AppTest)]" started-at="2019-11-29T16:35:23 IST" name="testApp" finished-at="2019-11-29T16:35:23 IST" duration-ms="0" status="PASS">
          <reporter-output>
          </reporter-output>
        </test-method> <!-- testApp -->
      </class> <!-- com.training.practice.AppTest -->
    </test> <!-- Command line test -->
  </suite> <!-- Command line suite -->
</testng-results>
